name: train
run_id: commands[0]
env COMSPEC: C:\WINDOWS\system32\cmd.exe
env NUMBER_OF_PROCESSORS: 8
env PATHEXT: .COM;.EXE;.BAT;.CMD;.VBS;.VBE;.JS;.JSE;.WSF;.WSH;.MSC;.CPL
env PROCESSOR_ARCHITECTURE: AMD64
env PROGRAMDATA: C:\ProgramData
env PROGRAMFILES: C:\Program Files
env PROGRAMFILES(X86): C:\Program Files (x86)
env SYSTEMDRIVE: C:
env SYSTEMROOT: C:\WINDOWS
env TEMP: C:\Users\avina\AppData\Local\Temp
env TMP: C:\Users\avina\AppData\Local\Temp
env USERPROFILE: C:\Users\avina
env PATH: D:\JioInstitute\Quarter-3\MLOps\test\Assignments\Assignment2\.tox\test_package\Scripts;C:\ProgramData\Anaconda3;C:\ProgramData\Anaconda3\Library\mingw-w64\bin;C:\ProgramData\Anaconda3\Library\usr\bin;C:\ProgramData\Anaconda3\Library\bin;C:\ProgramData\Anaconda3\Scripts;C:\ProgramData\Anaconda3\bin;C:\ProgramData\Anaconda3\condabin;C:\Windows\system32;C:\Windows;C:\Windows\System32\Wbem;C:\Windows\System32\WindowsPowerShell\v1.0;C:\Windows\System32\OpenSSH;C:\Program Files\nodejs;C:\Program Files\Git\cmd;C:\Program Files\Microsoft SQL Server\150\Tools\Binn;C:\Program Files\dotnet;C:\Program Files\Amazon\AWSCLIV2;C:\Program Files\Docker\Docker\resources\bin;C:\ProgramData\DockerDesktop\version-bin;C:\WINDOWS\system32;C:\WINDOWS;C:\WINDOWS\System32\Wbem;C:\WINDOWS\System32\WindowsPowerShell\v1.0;C:\WINDOWS\System32\OpenSSH;C:\Program Files\CMake\bin;C:\Program Files\Git LFS;C:\Users\avina\AppData\Local\Microsoft\WindowsApps;.;C:\Users\avina\AppData\Local\Programs\Microsoft VS Code\bin;C:\Users\avina\AppData\Roaming\npm;C:\Users\avina\.dotnet\tools
env PIP_DISABLE_PIP_VERSION_CHECK: 1
env PYTHONIOENCODING: utf-8
env PYTHONPATH: .
env PYTHONHASHSEED: 0
env TOX_ENV_NAME: train
env TOX_WORK_DIR: D:\JioInstitute\Quarter-3\MLOps\test\Assignments\Assignment2\.tox
env TOX_ENV_DIR: D:\JioInstitute\Quarter-3\MLOps\test\Assignments\Assignment2\.tox\test_package
env VIRTUAL_ENV: D:\JioInstitute\Quarter-3\MLOps\test\Assignments\Assignment2\.tox\test_package
env COLUMNS: 156
env LINES: 40
metadata pid: 17664
cwd: D:\JioInstitute\Quarter-3\MLOps\test\Assignments\Assignment2
allow: D:\JioInstitute\Quarter-3\MLOps\test\Assignments\Assignment2\.tox\test_package\Scripts\*
cmd: python classification_model/train_pipeline.py
exit_code: 0
